<!--  This is how a standard Evaluation Context looks like. Just FYI -->
<Request>
	<Subject SubjectCategory="urn:oasis:names:tc:xacml:1.0:subject-category:access-subject">
		<Attribute AttributeId="linksmart:policy:subject:C"
			DataType="http://www.w3.org/2001/XMLSchema#string" IssueInstant="2009-11-11T16:19:03.709000000+01:00">
			<AttributeValue>DE</AttributeValue>
		</Attribute>
		<Attribute AttributeId="linksmart:policy:subject:Pseudonym"
			DataType="http://www.w3.org/2001/XMLSchema#string" IssueInstant="2009-11-11T16:19:03.709000000+01:00">
			<AttributeValue>blablu</AttributeValue>
		</Attribute>
		<Attribute AttributeId="urn:oasis:names:tc:xacml:1.0:subject:subject-id"
			DataType="http://www.w3.org/2001/XMLSchema#string" IssueInstant="2009-11-11T16:19:03.708000000+01:00">
			<AttributeValue>0.0.0.581786967428767091</AttributeValue>
		</Attribute>
		<Attribute AttributeId="linksmart:policy:subject:Desc"
			DataType="http://www.w3.org/2001/XMLSchema#string" IssueInstant="2009-11-11T16:19:03.709000000+01:00">
			<AttributeValue>TestCallerDesc</AttributeValue>
		</Attribute>
		<Attribute AttributeId="linksmart:policy:subject:SID"
			DataType="http://www.w3.org/2001/XMLSchema#string" IssueInstant="2009-11-11T16:19:03.709000000+01:00">
			<AttributeValue>TestCallerSID</AttributeValue>
		</Attribute>
		<Attribute AttributeId="linksmart:policy:subject:PID"
			DataType="http://www.w3.org/2001/XMLSchema#string" IssueInstant="2009-11-11T16:19:03.709000000+01:00">
			<AttributeValue>TestCaller</AttributeValue>
		</Attribute>
		<Attribute AttributeId="linksmart:policy:subject:CN"
			DataType="http://www.w3.org/2001/XMLSchema#string" IssueInstant="2009-11-11T16:19:03.709000000+01:00">
			<AttributeValue>LinkSmarttest</AttributeValue>
		</Attribute>
		<Attribute AttributeId="linksmart:policy:subject:DN"
			DataType="http://www.w3.org/2001/XMLSchema#string" IssueInstant="2009-11-11T16:19:03.709000000+01:00">
			<AttributeValue>eu.linksmart.security</AttributeValue>
		</Attribute>
	</Subject>
	<Resource>
		<Attribute AttributeId="linksmart:policy:resource:DN"
			DataType="http://www.w3.org/2001/XMLSchema#string" IssueInstant="2009-11-11T16:19:03.709000000+01:00">
			<AttributeValue>eu.linksmart.security</AttributeValue>
		</Attribute>
		<Attribute AttributeId="linksmart:policy:resource:C"
			DataType="http://www.w3.org/2001/XMLSchema#string" IssueInstant="2009-11-11T16:19:03.709000000+01:00">
			<AttributeValue>DE</AttributeValue>
		</Attribute>
		<Attribute AttributeId="urn:oasis:names:tc:xacml:1.0:resource:resource-id"
			DataType="http://www.w3.org/2001/XMLSchema#string" IssueInstant="2009-11-11T16:19:03.709000000+01:00">
			<AttributeValue>0.0.0.7888062177098749906</AttributeValue>
		</Attribute>
		<Attribute AttributeId="linksmart:policy:resource:SID"
			DataType="http://www.w3.org/2001/XMLSchema#string" IssueInstant="2009-11-11T16:19:03.709000000+01:00">
			<AttributeValue>UR:TestLinkSmartApplication</AttributeValue>
		</Attribute>
		<Attribute AttributeId="linksmart:policy:resource:CN"
			DataType="http://www.w3.org/2001/XMLSchema#string" IssueInstant="2009-11-11T16:19:03.709000000+01:00">
			<AttributeValue>LinkSmarttest</AttributeValue>
		</Attribute>
		<Attribute AttributeId="linksmart:policy:resource:PID"
			DataType="http://www.w3.org/2001/XMLSchema#string" IssueInstant="2009-11-11T16:19:03.709000000+01:00">
			<AttributeValue>TestLinkSmartApplication</AttributeValue>
		</Attribute>
		<Attribute AttributeId="linksmart:policy:resource:Desc"
			DataType="http://www.w3.org/2001/XMLSchema#string" IssueInstant="2009-11-11T16:19:03.709000000+01:00">
			<AttributeValue>TestLinkSmartApplication</AttributeValue>
		</Attribute>
		<Attribute AttributeId="linksmart:policy:resource:Pseudonym"
			DataType="http://www.w3.org/2001/XMLSchema#string" IssueInstant="2009-11-11T16:19:03.710000000+01:00">
			<AttributeValue>blablu</AttributeValue>
		</Attribute>
	</Resource>
	<Action>
		<Attribute AttributeId="urn:oasis:names:tc:xacml:1.0:action:action-id"
			DataType="http://www.w3.org/2001/XMLSchema#string" IssueInstant="2009-11-11T16:19:03.710000000+01:00">
			<AttributeValue>hello</AttributeValue>
		</Attribute>
	</Action>
</Request>
