<?xml version="1.0" encoding="UTF-8" ?>
<testsuite errors="0" failures="0" hostname="mbp1107a.fit.fraunhofer.de" name="eu.linksmart.network.networkmanager.core.impl.NetworkManagerCoreImplTest" tests="18" time="0.475" timestamp="2012-11-27T10:45:45">
  <properties>
    <property name="file.encoding.pkg" value="sun.io" />
    <property name="ant.file.type.LinkSmart" value="file" />
    <property name="ivy.retrieve.pattern.ivy.instance" value="/Users/elmasllari/Development/ls20/components/NetworkManager2.0/NetworkManager/lib/[artifact]-[revision](-[classifier]).[ext]" />
    <property name="java.vendor.url.ivy.instance" value="http://www.apple.com/" />
    <property name="ivy.local.default.ivy.pattern.ivy.instance" value="[organisation]/[module]/[revision]/[type]s/[artifact].[ext]" />
    <property name="targetPlatformDir" value="/Users/elmasllari/Development/ls20/components/target_platform" />
    <property name="ivy.project.dir.ivy.instance" value="/Users/elmasllari/Development/ls20/components/NetworkManager2.0/NetworkManager" />
    <property name="ivy.resolve.default.type.filter" value="*" />
    <property name="java.home" value="/System/Library/Java/JavaVirtualMachines/1.6.0.jdk/Contents/Home" />
    <property name="ivy.configurations.ivy.instance" value="*" />
    <property name="revision" value="2.0.0" />
    <property name="ivy.basedir.ivy.instance" value="/Users/elmasllari/Development/ls20/components/NetworkManager2.0/NetworkManager" />
    <property name="ivy.dep.file.ivy.instance" value="ivy.xml" />
    <property name="java.endorsed.dirs" value="/System/Library/Java/JavaVirtualMachines/1.6.0.jdk/Contents/Home/lib/endorsed" />
    <property name="java.class.path.ivy.instance" value="/usr/share/ant/lib/ant-launcher.jar:/usr/share/ant/lib/ant-antlr.jar:/usr/share/ant/lib/ant-apache-bcel.jar:/usr/share/ant/lib/ant-apache-bsf.jar:/usr/share/ant/lib/ant-apache-log4j.jar:/usr/share/ant/lib/ant-apache-oro.jar:/usr/share/ant/lib/ant-apache-regexp.jar:/usr/share/ant/lib/ant-apache-resolver.jar:/usr/share/ant/lib/ant-apache-xalan2.jar:/usr/share/ant/lib/ant-commons-logging.jar:/usr/share/ant/lib/ant-commons-net.jar:/usr/share/ant/lib/ant-jai.jar:/usr/share/ant/lib/ant-javamail.jar:/usr/share/ant/lib/ant-jdepend.jar:/usr/share/ant/lib/ant-jmf.jar:/usr/share/ant/lib/ant-jsch.jar:/usr/share/ant/lib/ant-junit.jar:/usr/share/ant/lib/ant-junit4.jar:/usr/share/ant/lib/ant-launcher.jar:/usr/share/ant/lib/ant-netrexx.jar:/usr/share/ant/lib/ant-swing.jar:/usr/share/ant/lib/ant-testutil.jar:/usr/share/ant/lib/ant.jar" />
    <property name="ivy.home" value="/Users/elmasllari/.ivy2" />
    <property name="src.dir" value="/Users/elmasllari/Development/ls20/components/NetworkManager2.0/NetworkManager/src" />
    <property name="ftp.nonProxyHosts.ivy.instance" value="local|*.local|169.254/16|*.169.254/16" />
    <property name="java.vm.specification.vendor.ivy.instance" value="Sun Microsystems Inc." />
    <property name="sun.os.patch.level" value="unknown" />
    <property name="ivy.dep.file" value="ivy.xml" />
    <property name="java.vendor.url" value="http://www.apple.com/" />
    <property name="ivy.local.default.artifact.pattern.ivy.instance" value="[organisation]/[module]/[revision]/[type]s/[artifact].[ext]" />
    <property name="ivy.lib.dir.ivy.instance" value="/Users/elmasllari/Development/ls20/components/NetworkManager2.0/NetworkManager/lib" />
    <property name="java.version" value="1.6.0_37" />
    <property name="ivy.conf.dir.ivy.instance" value="/Users/elmasllari/Development/ls20" />
    <property name="sun.boot.library.path.ivy.instance" value="/System/Library/Java/JavaVirtualMachines/1.6.0.jdk/Contents/Libraries" />
    <property name="ivy.report.output.pattern.ivy.instance" value="[organisation]-[module]-[conf].[ext]" />
    <property name="jikes.class.path" value=":/System/Library/Java/JavaVirtualMachines/1.6.0.jdk/Contents/Home/../Classes/alt-rt.jar:/System/Library/Java/JavaVirtualMachines/1.6.0.jdk/Contents/Home/../Classes/alt-string.jar:/System/Library/Java/JavaVirtualMachines/1.6.0.jdk/Contents/Home/../Classes/charsets.jar:/System/Library/Java/JavaVirtualMachines/1.6.0.jdk/Contents/Home/../Classes/classes.jar:/System/Library/Java/JavaVirtualMachines/1.6.0.jdk/Contents/Home/../Classes/dt.jar:/System/Library/Java/JavaVirtualMachines/1.6.0.jdk/Contents/Home/../Classes/jce.jar:/System/Library/Java/JavaVirtualMachines/1.6.0.jdk/Contents/Home/../Classes/jconsole.jar:/System/Library/Java/JavaVirtualMachines/1.6.0.jdk/Contents/Home/../Classes/jsse.jar:/System/Library/Java/JavaVirtualMachines/1.6.0.jdk/Contents/Home/../Classes/management-agent.jar:/System/Library/Java/JavaVirtualMachines/1.6.0.jdk/Contents/Home/../Classes/ui.jar" />
    <property name="ivy.module" value="eu.linksmart.network.networkmanager" />
    <property name="ivy.publish.src.artifacts.pattern.ivy.instance" value="/Users/elmasllari/Development/ls20/components/NetworkManager2.0/NetworkManager/distrib/[type]s/[artifact]-[revision](-[classifier]).[ext]" />
    <property name="java.vendor.url.bug" value="http://bugreport.apple.com/" />
    <property name="sun.management.compiler.ivy.instance" value="HotSpot 64-Bit Tiered Compilers" />
    <property name="ant.project.invoked-targets" value="make" />
    <property name="ivy.local.default.artifact.pattern" value="[organisation]/[module]/[revision]/[type]s/[artifact].[ext]" />
    <property name="os.name.ivy.instance" value="Mac OS X" />
    <property name="ivy.default.ivy.user.dir.ivy.instance" value="/Users/elmasllari/.ivy2" />
    <property name="ivy.default.always.check.exact.revision" value="false" />
    <property name="ivy.default.settings.dir.ivy.instance" value="jar:file:/Users/elmasllari/Development/ls20/antlibs/ivy.jar!/org/apache/ivy/core/settings" />
    <property name="user.name" value="elmasllari" />
    <property name="sun.io.unicode.encoding" value="UnicodeLittle" />
    <property name="ivy.shared.default.root.ivy.instance" value="http://hydra.fit.fraunhofer.de/librepo" />
    <property name="sun.jnu.encoding" value="MacRoman" />
    <property name="java.runtime.name" value="Java(TM) SE Runtime Environment" />
    <property name="ant.home.ivy.instance" value="/usr/share/ant" />
    <property name="file.encoding.ivy.instance" value="MacRoman" />
    <property name="ivy.cache.ttl.default.ivy.instance" value="10s" />
    <property name="ivy.conf.file.ivy.instance" value="/Users/elmasllari/Development/ls20/ivysettings.xml" />
    <property name="java.specification.vendor.ivy.instance" value="Sun Microsystems Inc." />
    <property name="java.vendor.ivy.instance" value="Apple Inc." />
    <property name="sun.cpu.isalist.ivy.instance" value="" />
    <property name="moduleName" value="eu.linksmart.network.networkmanager" />
    <property name="java.specification.name" value="Java Platform API Specification" />
    <property name="ftp.nonProxyHosts" value="local|*.local|169.254/16|*.169.254/16" />
    <property name="user.timezone" value="" />
    <property name="java.endorsed.dirs.ivy.instance" value="/System/Library/Java/JavaVirtualMachines/1.6.0.jdk/Contents/Home/lib/endorsed" />
    <property name="path.separator" value=":" />
    <property name="dotnetLibDir" value="/Users/elmasllari/Development/ls20/libraries/dotnet" />
    <property name="java.class.version.ivy.instance" value="50.0" />
    <property name="javaLibDir" value="/Users/elmasllari/Development/ls20/libraries/java" />
    <property name="ivy.default.conf.dir" value="jar:file:/Users/elmasllari/Development/ls20/antlibs/ivy.jar!/org/apache/ivy/core/settings" />
    <property name="file.encoding" value="MacRoman" />
    <property name="java.runtime.name.ivy.instance" value="Java(TM) SE Runtime Environment" />
    <property name="ivy.resolve.default.type.filter.ivy.instance" value="*" />
    <property name="ant.project.default-target" value="fail" />
    <property name="ivy.targets.copied" value="false" />
    <property name="sun.java.command" value="org.apache.tools.ant.launch.Launcher -cp " />
    <property name="socksNonProxyHosts" value="local|*.local|169.254/16|*.169.254/16" />
    <property name="ivy.shared.default.artifact.pattern" value="[artifact]-[revision].[type]" />
    <property name="ant.file" value="/Users/elmasllari/Development/ls20/components/NetworkManager2.0/NetworkManager/build.xml" />
    <property name="ivy.distrib.dir.ivy.instance" value="/Users/elmasllari/Development/ls20/components/NetworkManager2.0/NetworkManager/distrib" />
    <property name="ivy.checksums.ivy.instance" value="sha1,md5" />
    <property name="sun.arch.data.model.ivy.instance" value="64" />
    <property name="ivy.build.artifacts.dir.ivy.instance" value="/Users/elmasllari/Development/ls20/components/NetworkManager2.0/NetworkManager/build/artifacts" />
    <property name="ivy.settings.file" value="ivysettings.xml" />
    <property name="java.io.tmpdir" value="/var/folders/Ov/OvBdU5nnFTqFzQDA4CxgTE+++TM/-Tmp-/" />
    <property name="ivy.buildlist.ivyfilepath.ivy.instance" value="ivy.xml" />
    <property name="ivy.cache.ttl.default" value="10s" />
    <property name="user.language" value="en" />
    <property name="awt.nativeDoubleBuffering.ivy.instance" value="true" />
    <property name="user.dir.ivy.instance" value="/Users/elmasllari/Development/ls20" />
    <property name="ivy.home.ivy.instance" value="/Users/elmasllari/.ivy2" />
    <property name="line.separator" value="&#xa;" />
    <property name="java.specification.version.ivy.instance" value="1.6" />
    <property name="ant.file.type" value="file" />
    <property name="ivy.build.artifacts.dir" value="/Users/elmasllari/Development/ls20/components/NetworkManager2.0/NetworkManager/build/artifacts" />
    <property name="mrj.version.ivy.instance" value="1060.1.6.0_37-434" />
    <property name="test.report.dir" value="/Users/elmasllari/Development/ls20/components/NetworkManager2.0/NetworkManager/test/testreport" />
    <property name="sun.io.unicode.encoding.ivy.instance" value="UnicodeLittle" />
    <property name="ivy.status" value="integration" />
    <property name="java.vm.info" value="mixed mode" />
    <property name="ivy.lib.dir" value="/Users/elmasllari/Development/ls20/components/NetworkManager2.0/NetworkManager/lib" />
    <property name="java.vm.specification.name" value="Java Virtual Machine Specification" />
    <property name="ivy.default.conf.dir.ivy.instance" value="jar:file:/Users/elmasllari/Development/ls20/antlibs/ivy.jar!/org/apache/ivy/core/settings" />
    <property name="java.vm.version.ivy.instance" value="20.12-b01-434" />
    <property name="rootDistributionDir" value="/Users/elmasllari/Development/ls20/distribution" />
    <property name="ant.file.LinkSmart" value="/Users/elmasllari/Development/ls20/components/build.xml" />
    <property name="http.nonProxyHosts" value="local|*.local|169.254/16|*.169.254/16" />
    <property name="user.name.ivy.instance" value="elmasllari" />
    <property name="ivy.cache.dir" value="/Users/elmasllari/.ivy2/cache" />
    <property name="java.awt.printerjob" value="apple.awt.CPrinterJob" />
    <property name="java.io.tmpdir.ivy.instance" value="/var/folders/Ov/OvBdU5nnFTqFzQDA4CxgTE+++TM/-Tmp-/" />
    <property name="ant.version" value="Apache Ant(TM) version 1.8.4 compiled on September 18 2012" />
    <property name="java.home.ivy.instance" value="/System/Library/Java/JavaVirtualMachines/1.6.0.jdk/Contents/Home" />
    <property name="java.vm.vendor.ivy.instance" value="Apple Inc." />
    <property name="test.build.dir" value="/Users/elmasllari/Development/ls20/components/NetworkManager2.0/NetworkManager/test/bin" />
    <property name="gopherProxySet" value="false" />
    <property name="ivy.default.settings.dir" value="jar:file:/Users/elmasllari/Development/ls20/antlibs/ivy.jar!/org/apache/ivy/core/settings" />
    <property name="ivy.configurations" value="*" />
    <property name="ivy.settings.url" value="file:/Users/elmasllari/Development/ls20/ivysettings.xml" />
    <property name="os.name" value="Mac OS X" />
    <property name="java.specification.vendor" value="Sun Microsystems Inc." />
    <property name="sun.jnu.encoding.ivy.instance" value="MacRoman" />
    <property name="ivy.deliver.ivy.pattern.ivy.instance" value="/Users/elmasllari/Development/ls20/components/NetworkManager2.0/NetworkManager/distrib/[type]s/[artifact]-[revision](-[classifier]).[ext]" />
    <property name="mrj.build" value="10M3909" />
    <property name="jikes.class.path.ivy.instance" value=":/System/Library/Java/JavaVirtualMachines/1.6.0.jdk/Contents/Home/../Classes/alt-rt.jar:/System/Library/Java/JavaVirtualMachines/1.6.0.jdk/Contents/Home/../Classes/alt-string.jar:/System/Library/Java/JavaVirtualMachines/1.6.0.jdk/Contents/Home/../Classes/charsets.jar:/System/Library/Java/JavaVirtualMachines/1.6.0.jdk/Contents/Home/../Classes/classes.jar:/System/Library/Java/JavaVirtualMachines/1.6.0.jdk/Contents/Home/../Classes/dt.jar:/System/Library/Java/JavaVirtualMachines/1.6.0.jdk/Contents/Home/../Classes/jce.jar:/System/Library/Java/JavaVirtualMachines/1.6.0.jdk/Contents/Home/../Classes/jconsole.jar:/System/Library/Java/JavaVirtualMachines/1.6.0.jdk/Contents/Home/../Classes/jsse.jar:/System/Library/Java/JavaVirtualMachines/1.6.0.jdk/Contents/Home/../Classes/management-agent.jar:/System/Library/Java/JavaVirtualMachines/1.6.0.jdk/Contents/Home/../Classes/ui.jar" />
    <property name="ivy.checksums" value="sha1,md5" />
    <property name="java.vm.name" value="Java HotSpot(TM) 64-Bit Server VM" />
    <property name="http.nonProxyHosts.ivy.instance" value="local|*.local|169.254/16|*.169.254/16" />
    <property name="ivy.log.modules.in.use" value="false" />
    <property name="mrj.version" value="1060.1.6.0_37-434" />
    <property name="java.runtime.version.ivy.instance" value="1.6.0_37-b06-434-10M3909" />
    <property name="ivy.report.output.pattern" value="[organisation]-[module]-[conf].[ext]" />
    <property name="ivy.version" value="2.1.0" />
    <property name="java.library.path" value=".:/Library/Java/Extensions:/System/Library/Java/Extensions:/usr/lib/java" />
    <property name="ivy.conf.url" value="file:/Users/elmasllari/Development/ls20/ivysettings.xml" />
    <property name="java.vm.name.ivy.instance" value="Java HotSpot(TM) 64-Bit Server VM" />
    <property name="os.version.ivy.instance" value="10.6.8" />
    <property name="line.separator.ivy.instance" value="&#xa;" />
    <property name="ant.java.version" value="1.6" />
    <property name="sun.cpu.endian.ivy.instance" value="little" />
    <property name="java.vm.specification.name.ivy.instance" value="Java Virtual Machine Specification" />
    <property name="basedir" value="/Users/elmasllari/Development/ls20/components/NetworkManager2.0/NetworkManager" />
    <property name="java.class.version" value="50.0" />
    <property name="ivy.settings.url.ivy.instance" value="file:/Users/elmasllari/Development/ls20/ivysettings.xml" />
    <property name="path.separator.ivy.instance" value=":" />
    <property name="sun.boot.class.path.ivy.instance" value="/System/Library/Java/JavaVirtualMachines/1.6.0.jdk/Contents/Classes/jsfd.jar:/System/Library/Java/JavaVirtualMachines/1.6.0.jdk/Contents/Classes/classes.jar:/System/Library/Frameworks/JavaVM.framework/Frameworks/JavaRuntimeSupport.framework/Resources/Java/JavaRuntimeSupport.jar:/System/Library/Java/JavaVirtualMachines/1.6.0.jdk/Contents/Classes/ui.jar:/System/Library/Java/JavaVirtualMachines/1.6.0.jdk/Contents/Classes/laf.jar:/System/Library/Java/JavaVirtualMachines/1.6.0.jdk/Contents/Classes/sunrsasign.jar:/System/Library/Java/JavaVirtualMachines/1.6.0.jdk/Contents/Classes/jsse.jar:/System/Library/Java/JavaVirtualMachines/1.6.0.jdk/Contents/Classes/jce.jar:/System/Library/Java/JavaVirtualMachines/1.6.0.jdk/Contents/Classes/charsets.jar" />
    <property name="ant.home" value="/usr/share/ant" />
    <property name="ivy.resolved.configurations" value="default" />
    <property name="ivy.deliver.ivy.pattern" value="/Users/elmasllari/Development/ls20/components/NetworkManager2.0/NetworkManager/distrib/[type]s/[artifact]-[revision](-[classifier]).[ext]" />
    <property name="antlib.dir" value="/Users/elmasllari/Development/ls20/antlibs" />
    <property name="sun.boot.library.path" value="/System/Library/Java/JavaVirtualMachines/1.6.0.jdk/Contents/Libraries" />
    <property name="build.dir" value="/Users/elmasllari/Development/ls20/build/eu.linksmart.network.networkmanager/bin" />
    <property name="ivy.default.always.check.exact.revision.ivy.instance" value="false" />
    <property name="java.library.path.ivy.instance" value=".:/Library/Java/Extensions:/System/Library/Java/Extensions:/usr/lib/java" />
    <property name="awt.toolkit.ivy.instance" value="apple.awt.CToolkit" />
    <property name="sun.management.compiler" value="HotSpot 64-Bit Tiered Compilers" />
    <property name="ivy.basedir" value="/Users/elmasllari/Development/ls20/components/NetworkManager2.0/NetworkManager" />
    <property name="java.ext.dirs.ivy.instance" value="/Library/Java/Extensions:/System/Library/Java/Extensions:/System/Library/Java/JavaVirtualMachines/1.6.0.jdk/Contents/Home/lib/ext" />
    <property name="java.awt.graphicsenv" value="apple.awt.CGraphicsEnvironment" />
    <property name="ivy.log.modules.in.use.ivy.instance" value="false" />
    <property name="sun.os.patch.level.ivy.instance" value="unknown" />
    <property name="file.encoding.pkg.ivy.instance" value="sun.io" />
    <property name="ivy.resolver.default.check.modified" value="false" />
    <property name="ivy.settings.file.ivy.instance" value="/Users/elmasllari/Development/ls20/ivysettings.xml" />
    <property name="ivy.nb.targets.copied" value="0" />
    <property name="ant.project.name" value="NetworkManager" />
    <property name="ivy.cache.dir.ivy.instance" value="/Users/elmasllari/.ivy2/cache" />
    <property name="java.vm.specification.version" value="1.0" />
    <property name="socksNonProxyHosts.ivy.instance" value="local|*.local|169.254/16|*.169.254/16" />
    <property name="ivy.status.ivy.instance" value="integration" />
    <property name="rootBuildDir" value="/Users/elmasllari/Development/ls20/build" />
    <property name="awt.toolkit" value="apple.awt.CToolkit" />
    <property name="sun.cpu.isalist" value="" />
    <property name="file.separator.ivy.instance" value="/" />
    <property name="ivy.deps.changed" value="false" />
    <property name="ivy.local.default.root.ivy.instance" value="/Users/elmasllari/.ivy2/local" />
    <property name="java.ext.dirs" value="/Library/Java/Extensions:/System/Library/Java/Extensions:/System/Library/Java/JavaVirtualMachines/1.6.0.jdk/Contents/Home/lib/ext" />
    <property name="os.version" value="10.6.8" />
    <property name="user.home" value="/Users/elmasllari" />
    <property name="sun.java.launcher.ivy.instance" value="SUN_STANDARD" />
    <property name="java.vm.vendor" value="Apple Inc." />
    <property name="ivy.local.default.root" value="/Users/elmasllari/.ivy2/local" />
    <property name="mrj.build.ivy.instance" value="10M3909" />
    <property name="ivy.organisation" value="eu.linksmart.network" />
    <property name="user.dir" value="/Users/elmasllari/Development/ls20" />
    <property name="ant.library.dir.ivy.instance" value="/usr/share/ant/lib" />
    <property name="ivy.local.default.ivy.pattern" value="[organisation]/[module]/[revision]/[type]s/[artifact].[ext]" />
    <property name="java.vm.info.ivy.instance" value="mixed mode" />
    <property name="test.dir" value="/Users/elmasllari/Development/ls20/components/NetworkManager2.0/NetworkManager/test" />
    <property name="ivy.publish.src.artifacts.pattern" value="/Users/elmasllari/Development/ls20/components/NetworkManager2.0/NetworkManager/distrib/[type]s/[artifact]-[revision](-[classifier]).[ext]" />
    <property name="sun.java.command.ivy.instance" value="org.apache.tools.ant.launch.Launcher -cp " />
    <property name="ivy.distrib.dir" value="/Users/elmasllari/Development/ls20/components/NetworkManager2.0/NetworkManager/distrib" />
    <property name="sun.cpu.endian" value="little" />
    <property name="ivy.revision" value="working@mbp1107a.fit.fraunhofer.de" />
    <property name="user.timezone.ivy.instance" value="Europe/Berlin" />
    <property name="java.vm.version" value="20.12-b01-434" />
    <property name="java.class.path" value="/usr/share/ant/lib/ant-launcher.jar:/usr/share/ant/lib/ant-antlr.jar:/usr/share/ant/lib/ant-apache-bcel.jar:/usr/share/ant/lib/ant-apache-bsf.jar:/usr/share/ant/lib/ant-apache-log4j.jar:/usr/share/ant/lib/ant-apache-oro.jar:/usr/share/ant/lib/ant-apache-regexp.jar:/usr/share/ant/lib/ant-apache-resolver.jar:/usr/share/ant/lib/ant-apache-xalan2.jar:/usr/share/ant/lib/ant-commons-logging.jar:/usr/share/ant/lib/ant-commons-net.jar:/usr/share/ant/lib/ant-jai.jar:/usr/share/ant/lib/ant-javamail.jar:/usr/share/ant/lib/ant-jdepend.jar:/usr/share/ant/lib/ant-jmf.jar:/usr/share/ant/lib/ant-jsch.jar:/usr/share/ant/lib/ant-junit.jar:/usr/share/ant/lib/ant-junit4.jar:/usr/share/ant/lib/ant-launcher.jar:/usr/share/ant/lib/ant-netrexx.jar:/usr/share/ant/lib/ant-swing.jar:/usr/share/ant/lib/ant-testutil.jar:/usr/share/ant/lib/ant.jar" />
    <property name="ivy.default.ivy.user.dir" value="/Users/elmasllari/.ivy2" />
    <property name="user.home.ivy.instance" value="/Users/elmasllari" />
    <property name="basedir.ivy.instance" value="/Users/elmasllari/Development/ls20/components/NetworkManager2.0/NetworkManager" />
    <property name="ant.library.dir" value="/usr/share/ant/lib" />
    <property name="os.arch" value="x86_64" />
    <property name="ivy.conf.file" value="/Users/elmasllari/Development/ls20/ivysettings.xml" />
    <property name="java.awt.graphicsenv.ivy.instance" value="apple.awt.CGraphicsEnvironment" />
    <property name="java.vendor.url.bug.ivy.instance" value="http://bugreport.apple.com/" />
    <property name="java.vm.specification.version.ivy.instance" value="1.0" />
    <property name="dist.dir" value="/Users/elmasllari/Development/ls20/distribution" />
    <property name="ant.file.type.NetworkManager" value="file" />
    <property name="sun.java.launcher" value="SUN_STANDARD" />
    <property name="java.awt.printerjob.ivy.instance" value="apple.awt.CPrinterJob" />
    <property name="ivy.settings.dir.ivy.instance" value="/Users/elmasllari/Development/ls20" />
    <property name="ivy.resolver.default.check.modified.ivy.instance" value="false" />
    <property name="ant.core.lib" value="/usr/share/ant/lib/ant.jar" />
    <property name="java.vm.specification.vendor" value="Sun Microsystems Inc." />
    <property name="ivy.settings.dir" value="/Users/elmasllari/Development/ls20" />
    <property name="gopherProxySet.ivy.instance" value="false" />
    <property name="file.separator" value="/" />
    <property name="user.language.ivy.instance" value="en" />
    <property name="ivy.shared.default.artifact.pattern.ivy.instance" value="[artifact]-[revision].[type]" />
    <property name="user.country.ivy.instance" value="US" />
    <property name="ivy.conf.url.ivy.instance" value="file:/Users/elmasllari/Development/ls20/ivysettings.xml" />
    <property name="java.runtime.version" value="1.6.0_37-b06-434-10M3909" />
    <property name="java.specification.name.ivy.instance" value="Java Platform API Specification" />
    <property name="sun.boot.class.path" value="/System/Library/Java/JavaVirtualMachines/1.6.0.jdk/Contents/Classes/jsfd.jar:/System/Library/Java/JavaVirtualMachines/1.6.0.jdk/Contents/Classes/classes.jar:/System/Library/Frameworks/JavaVM.framework/Frameworks/JavaRuntimeSupport.framework/Resources/Java/JavaRuntimeSupport.jar:/System/Library/Java/JavaVirtualMachines/1.6.0.jdk/Contents/Classes/ui.jar:/System/Library/Java/JavaVirtualMachines/1.6.0.jdk/Contents/Classes/laf.jar:/System/Library/Java/JavaVirtualMachines/1.6.0.jdk/Contents/Classes/sunrsasign.jar:/System/Library/Java/JavaVirtualMachines/1.6.0.jdk/Contents/Classes/jsse.jar:/System/Library/Java/JavaVirtualMachines/1.6.0.jdk/Contents/Classes/jce.jar:/System/Library/Java/JavaVirtualMachines/1.6.0.jdk/Contents/Classes/charsets.jar" />
    <property name="ivy.conf.dir" value="/Users/elmasllari/Development/ls20" />
    <property name="ivy.retrieve.pattern" value="/Users/elmasllari/Development/ls20/components/NetworkManager2.0/NetworkManager/lib/[artifact]-[revision](-[classifier]).[ext]" />
    <property name="ant.file.NetworkManager" value="/Users/elmasllari/Development/ls20/components/NetworkManager2.0/NetworkManager/build.xml" />
    <property name="user.country" value="US" />
    <property name="ivy.shared.default.root" value="http://hydra.fit.fraunhofer.de/librepo" />
    <property name="java.version.ivy.instance" value="1.6.0_37" />
    <property name="ivy.resolved.file" value="/Users/elmasllari/Development/ls20/components/NetworkManager2.0/NetworkManager/ivy.xml" />
    <property name="os.arch.ivy.instance" value="x86_64" />
    <property name="java.vendor" value="Apple Inc." />
    <property name="ivy.project.dir" value="/Users/elmasllari/Development/ls20/components/NetworkManager2.0/NetworkManager" />
    <property name="awt.nativeDoubleBuffering" value="true" />
    <property name="targetPlatform.dir" value="/Users/elmasllari/Development/ls20/components/NetworkManager2.0/NetworkManager/../../target_platform" />
    <property name="java.specification.version" value="1.6" />
    <property name="sun.arch.data.model" value="64" />
    <property name="ivy.buildlist.ivyfilepath" value="ivy.xml" />
  </properties>
  <testcase classname="eu.linksmart.network.networkmanager.core.impl.NetworkManagerCoreImplTest" name="testBroadcastMessage" time="0.264" />
  <testcase classname="eu.linksmart.network.networkmanager.core.impl.NetworkManagerCoreImplTest" name="testSendMessageSync" time="0.013" />
  <testcase classname="eu.linksmart.network.networkmanager.core.impl.NetworkManagerCoreImplTest" name="testSendMessageAsync" time="0.0020" />
  <testcase classname="eu.linksmart.network.networkmanager.core.impl.NetworkManagerCoreImplTest" name="testReceiveDataSync" time="0.0020" />
  <testcase classname="eu.linksmart.network.networkmanager.core.impl.NetworkManagerCoreImplTest" name="testReceiveDataSyncUnsuccessful" time="0.021" />
  <testcase classname="eu.linksmart.network.networkmanager.core.impl.NetworkManagerCoreImplTest" name="testReceiveDataSyncBroadcastUnsucessful" time="0.015" />
  <testcase classname="eu.linksmart.network.networkmanager.core.impl.NetworkManagerCoreImplTest" name="testReceiveDataSyncBroadcast" time="0.0030" />
  <testcase classname="eu.linksmart.network.networkmanager.core.impl.NetworkManagerCoreImplTest" name="testReceiveDataAsyncBroadcast" time="0.0020" />
  <testcase classname="eu.linksmart.network.networkmanager.core.impl.NetworkManagerCoreImplTest" name="testReceiveDataAsyncBroadcastEmtpyMessage" time="0.0010" />
  <testcase classname="eu.linksmart.network.networkmanager.core.impl.NetworkManagerCoreImplTest" name="testReceiveDataAsync" time="0.0010" />
  <testcase classname="eu.linksmart.network.networkmanager.core.impl.NetworkManagerCoreImplTest" name="testReceiveDataAsyncBroadcastUnsucessful" time="0.0010" />
  <testcase classname="eu.linksmart.network.networkmanager.core.impl.NetworkManagerCoreImplTest" name="testAddRemoteHID" time="0.0020" />
  <testcase classname="eu.linksmart.network.networkmanager.core.impl.NetworkManagerCoreImplTest" name="testGetHIDByDescription" time="0.0010" />
  <testcase classname="eu.linksmart.network.networkmanager.core.impl.NetworkManagerCoreImplTest" name="testGetHIDByPID" time="0.0010" />
  <testcase classname="eu.linksmart.network.networkmanager.core.impl.NetworkManagerCoreImplTest" name="testGetHIDByPIDWithExceptionSeveralHIDInfos" time="0.0010" />
  <testcase classname="eu.linksmart.network.networkmanager.core.impl.NetworkManagerCoreImplTest" name="testGetHIDByPIDWithExceptionNoPID" time="0.0020" />
  <testcase classname="eu.linksmart.network.networkmanager.core.impl.NetworkManagerCoreImplTest" name="testCreateHID" time="0.0010" />
  <testcase classname="eu.linksmart.network.networkmanager.core.impl.NetworkManagerCoreImplTest" name="testCreateHIDWithException" time="0.0010" />
  <system-out><![CDATA[]]></system-out>
  <system-err><![CDATA[log4j:WARN No appenders could be found for logger (eu.linksmart.network.networkmanager.core.impl.NetworkManagerCoreImpl).
log4j:WARN Please initialize the log4j system properly.
]]></system-err>
</testsuite>
